<?xml version="1.0" encoding="UTF-8"?>
<testsuites name="Mocha Tests" time="1.496" tests="3" failures="0">
  <testsuite name="Root Suite" timestamp="2019-10-08T11:14:58" tests="0" failures="0" time="0">
  </testsuite>
  <testsuite name="Landing page and login" timestamp="2019-10-08T11:14:58" tests="3" failures="0" time="1.496">
    <testcase name="Landing page and login Visit logout url always returns to landing page" time="0.582" classname="Visit logout url always returns to landing page">
    </testcase>
    <testcase name="Landing page and login Login button can be clicked, user is redirected to dashboard" time="0.417" classname="Login button can be clicked, user is redirected to dashboard">
    </testcase>
    <testcase name="Landing page and login Clicking logout button sends us back to the landing page" time="0.497" classname="Clicking logout button sends us back to the landing page">
    </testcase>
  </testsuite>
</testsuites>